# JRE version: Java(TM) SE Runtime Environment (8.0_281-b09) (build 1.8.0_281-b09)
# Java VM: Java HotSpot(TM) 64-Bit Server VM (25.281-b09 mixed mode windows-amd64 compressed oops)
Heap:
 PSYoungGen      total 358400K, used 282569K [0x00000000d5580000, 0x00000000f0d00000, 0x0000000100000000)
  eden space 325632K, 78% used [0x00000000d5580000,0x00000000e4f8cda0,0x00000000e9380000)
  from space 32768K, 80% used [0x00000000e9380000,0x00000000ead657f0,0x00000000eb380000)
  to   space 35328K, 0% used [0x00000000eea80000,0x00000000eea80000,0x00000000f0d00000)
 ParOldGen       total 210432K, used 93788K [0x0000000080000000, 0x000000008cd80000, 0x00000000d5580000)
  object space 210432K, 44% used [0x0000000080000000,0x0000000085b97120,0x000000008cd80000)
 Metaspace       used 94271K, capacity 99660K, committed 102528K, reserved 1136640K
  class space    used 12711K, capacity 13692K, committed 14464K, reserved 1048576K
GC Heap History (10 events):
Event: 24.545 GC heap before
{Heap before GC invocations=23 (full 3):
 PSYoungGen      total 293376K, used 248079K [0x00000000d5580000, 0x00000000eb400000, 0x0000000100000000)
  eden space 264192K, 88% used [0x00000000d5580000,0x00000000e3ae28d0,0x00000000e5780000)
  from space 29184K, 45% used [0x00000000e5780000,0x00000000e6461658,0x00000000e7400000)
  to   space 27648K, 0% used [0x00000000e9900000,0x00000000e9900000,0x00000000eb400000)
 ParOldGen       total 118784K, used 91327K [0x0000000080000000, 0x0000000087400000, 0x00000000d5580000)
  object space 118784K, 76% used [0x0000000080000000,0x000000008592fcc8,0x0000000087400000)
 Metaspace       used 91509K, capacity 98552K, committed 98600K, reserved 1134592K
  class space    used 12900K, capacity 14206K, committed 14208K, reserved 1048576K
Event: 24.580 GC heap after
Heap after GC invocations=23 (full 3):
 PSYoungGen      total 323584K, used 27642K [0x00000000d5580000, 0x00000000ebf00000, 0x0000000100000000)
  eden space 295936K, 0% used [0x00000000d5580000,0x00000000d5580000,0x00000000e7680000)
  from space 27648K, 99% used [0x00000000e9900000,0x00000000eb3fe8a8,0x00000000eb400000)
  to   space 35328K, 0% used [0x00000000e7680000,0x00000000e7680000,0x00000000e9900000)
 ParOldGen       total 118784K, used 101180K [0x0000000080000000, 0x0000000087400000, 0x00000000d5580000)
  object space 118784K, 85% used [0x0000000080000000,0x00000000862cf298,0x0000000087400000)
 Metaspace       used 91509K, capacity 98552K, committed 98600K, reserved 1134592K
  class space    used 12900K, capacity 14206K, committed 14208K, reserved 1048576K
}
Event: 24.580 GC heap before
{Heap before GC invocations=24 (full 4):
 PSYoungGen      total 323584K, used 27642K [0x00000000d5580000, 0x00000000ebf00000, 0x0000000100000000)
  eden space 295936K, 0% used [0x00000000d5580000,0x00000000d5580000,0x00000000e7680000)
  from space 27648K, 99% used [0x00000000e9900000,0x00000000eb3fe8a8,0x00000000eb400000)
  to   space 35328K, 0% used [0x00000000e7680000,0x00000000e7680000,0x00000000e9900000)
 ParOldGen       total 118784K, used 101180K [0x0000000080000000, 0x0000000087400000, 0x00000000d5580000)
  object space 118784K, 85% used [0x0000000080000000,0x00000000862cf298,0x0000000087400000)
 Metaspace       used 91509K, capacity 98552K, committed 98600K, reserved 1134592K
  class space    used 12900K, capacity 14206K, committed 14208K, reserved 1048576K
Event: 24.803 GC heap after
Heap after GC invocations=24 (full 4):
 PSYoungGen      total 323584K, used 0K [0x00000000d5580000, 0x00000000ebf00000, 0x0000000100000000)
  eden space 295936K, 0% used [0x00000000d5580000,0x00000000d5580000,0x00000000e7680000)
  from space 27648K, 0% used [0x00000000e9900000,0x00000000e9900000,0x00000000eb400000)
  to   space 35328K, 0% used [0x00000000e7680000,0x00000000e7680000,0x00000000e9900000)
 ParOldGen       total 210432K, used 93764K [0x0000000080000000, 0x000000008cd80000, 0x00000000d5580000)
  object space 210432K, 44% used [0x0000000080000000,0x0000000085b91120,0x000000008cd80000)
 Metaspace       used 90089K, capacity 95072K, committed 98600K, reserved 1134592K
  class space    used 12390K, capacity 13330K, committed 14208K, reserved 1048576K
}
Event: 43.600 GC heap before
{Heap before GC invocations=25 (full 4):
 PSYoungGen      total 323584K, used 295936K [0x00000000d5580000, 0x00000000ebf00000, 0x0000000100000000)
  eden space 295936K, 100% used [0x00000000d5580000,0x00000000e7680000,0x00000000e7680000)
  from space 27648K, 0% used [0x00000000e9900000,0x00000000e9900000,0x00000000eb400000)
  to   space 35328K, 0% used [0x00000000e7680000,0x00000000e7680000,0x00000000e9900000)
 ParOldGen       total 210432K, used 93764K [0x0000000080000000, 0x000000008cd80000, 0x00000000d5580000)
  object space 210432K, 44% used [0x0000000080000000,0x0000000085b91120,0x000000008cd80000)
 Metaspace       used 91504K, capacity 96592K, committed 100008K, reserved 1134592K
  class space    used 12471K, capacity 13432K, committed 14336K, reserved 1048576K
Event: 43.626 GC heap after
Heap after GC invocations=25 (full 4):
 PSYoungGen      total 331264K, used 11856K [0x00000000d5580000, 0x00000000edc00000, 0x0000000100000000)
  eden space 295936K, 0% used [0x00000000d5580000,0x00000000d5580000,0x00000000e7680000)
  from space 35328K, 33% used [0x00000000e7680000,0x00000000e82142d8,0x00000000e9900000)
  to   space 33792K, 0% used [0x00000000ebb00000,0x00000000ebb00000,0x00000000edc00000)
 ParOldGen       total 210432K, used 93772K [0x0000000080000000, 0x000000008cd80000, 0x00000000d5580000)
  object space 210432K, 44% used [0x0000000080000000,0x0000000085b93120,0x000000008cd80000)
 Metaspace       used 91504K, capacity 96592K, committed 100008K, reserved 1134592K
  class space    used 12471K, capacity 13432K, committed 14336K, reserved 1048576K
}
Event: 335.537 GC heap before
{Heap before GC invocations=26 (full 4):
 PSYoungGen      total 331264K, used 307792K [0x00000000d5580000, 0x00000000edc00000, 0x0000000100000000)
  eden space 295936K, 100% used [0x00000000d5580000,0x00000000e7680000,0x00000000e7680000)
  from space 35328K, 33% used [0x00000000e7680000,0x00000000e82142d8,0x00000000e9900000)
  to   space 33792K, 0% used [0x00000000ebb00000,0x00000000ebb00000,0x00000000edc00000)
 ParOldGen       total 210432K, used 93772K [0x0000000080000000, 0x000000008cd80000, 0x00000000d5580000)
  object space 210432K, 44% used [0x0000000080000000,0x0000000085b93120,0x000000008cd80000)
 Metaspace       used 92075K, capacity 97244K, committed 100608K, reserved 1136640K
  class space    used 12494K, capacity 13454K, committed 14336K, reserved 1048576K
Event: 335.656 GC heap after
Heap after GC invocations=26 (full 4):
 PSYoungGen      total 350720K, used 9856K [0x00000000d5580000, 0x00000000ed380000, 0x0000000100000000)
  eden space 325632K, 0% used [0x00000000d5580000,0x00000000d5580000,0x00000000e9380000)
  from space 25088K, 39% used [0x00000000ebb00000,0x00000000ec4a0010,0x00000000ed380000)
  to   space 32768K, 0% used [0x00000000e9380000,0x00000000e9380000,0x00000000eb380000)
 ParOldGen       total 210432K, used 93780K [0x0000000080000000, 0x000000008cd80000, 0x00000000d5580000)
  object space 210432K, 44% used [0x0000000080000000,0x0000000085b95120,0x000000008cd80000)
 Metaspace       used 92075K, capacity 97244K, committed 100608K, reserved 1136640K
  class space    used 12494K, capacity 13454K, committed 14336K, reserved 1048576K
}
Event: 341.742 GC heap before
{Heap before GC invocations=27 (full 4):
 PSYoungGen      total 350720K, used 335488K [0x00000000d5580000, 0x00000000ed380000, 0x0000000100000000)
  eden space 325632K, 100% used [0x00000000d5580000,0x00000000e9380000,0x00000000e9380000)
  from space 25088K, 39% used [0x00000000ebb00000,0x00000000ec4a0010,0x00000000ed380000)
  to   space 32768K, 0% used [0x00000000e9380000,0x00000000e9380000,0x00000000eb380000)
 ParOldGen       total 210432K, used 93780K [0x0000000080000000, 0x000000008cd80000, 0x00000000d5580000)
  object space 210432K, 44% used [0x0000000080000000,0x0000000085b95120,0x000000008cd80000)
 Metaspace       used 93586K, capacity 98896K, committed 102016K, reserved 1136640K
  class space    used 12655K, capacity 13624K, committed 14464K, reserved 1048576K
Event: 342.000 GC heap after
Heap after GC invocations=27 (full 4):
 PSYoungGen      total 358400K, used 26517K [0x00000000d5580000, 0x00000000f0d00000, 0x0000000100000000)
  eden space 325632K, 0% used [0x00000000d5580000,0x00000000d5580000,0x00000000e9380000)
  from space 32768K, 80% used [0x00000000e9380000,0x00000000ead657f0,0x00000000eb380000)
  to   space 35328K, 0% used [0x00000000eea80000,0x00000000eea80000,0x00000000f0d00000)
 ParOldGen       total 210432K, used 93788K [0x0000000080000000, 0x000000008cd80000, 0x00000000d5580000)
  object space 210432K, 44% used [0x0000000080000000,0x0000000085b97120,0x000000008cd80000)
 Metaspace       used 93586K, capacity 98896K, committed 102016K, reserved 1136640K
  class space    used 12655K, capacity 13624K, committed 14464K, reserved 1048576K
}

