# JRE version: Java(TM) SE Runtime Environment (8.0_281-b09) (build 1.8.0_281-b09)
# Java VM: Java HotSpot(TM) 64-Bit Server VM (25.281-b09 mixed mode windows-amd64 compressed oops)
Heap:
 PSYoungGen      total 70656K, used 39535K [0x00000000d5580000, 0x00000000da600000, 0x0000000100000000)
  eden space 62976K, 50% used [0x00000000d5580000,0x00000000d749ca40,0x00000000d9300000)
  from space 7680K, 99% used [0x00000000d9c00000,0x00000000da37f3e0,0x00000000da380000)
  to   space 9216K, 0% used [0x00000000d9300000,0x00000000d9300000,0x00000000d9c00000)
 ParOldGen       total 47104K, used 9924K [0x0000000080000000, 0x0000000082e00000, 0x00000000d5580000)
  object space 47104K, 21% used [0x0000000080000000,0x00000000809b1060,0x0000000082e00000)
 Metaspace       used 32368K, capacity 33690K, committed 33920K, reserved 1079296K
  class space    used 4632K, capacity 4930K, committed 4992K, reserved 1048576K
GC Heap History (10 events):
Event: 5.773 GC heap before
{Heap before GC invocations=7 (full 0):
 PSYoungGen      total 55808K, used 54898K [0x00000000d5580000, 0x00000000d9480000, 0x0000000100000000)
  eden space 48640K, 100% used [0x00000000d5580000,0x00000000d8500000,0x00000000d8500000)
  from space 7168K, 87% used [0x00000000d8c80000,0x00000000d929cb80,0x00000000d9380000)
  to   space 7680K, 0% used [0x00000000d8500000,0x00000000d8500000,0x00000000d8c80000)
 ParOldGen       total 65536K, used 4419K [0x0000000080000000, 0x0000000084000000, 0x00000000d5580000)
  object space 65536K, 6% used [0x0000000080000000,0x0000000080450c78,0x0000000084000000)
 Metaspace       used 18587K, capacity 19326K, committed 19584K, reserved 1067008K
  class space    used 2696K, capacity 2891K, committed 2944K, reserved 1048576K
Event: 5.788 GC heap after
Heap after GC invocations=7 (full 0):
 PSYoungGen      total 56320K, used 6579K [0x00000000d5580000, 0x00000000d9480000, 0x0000000100000000)
  eden space 48640K, 0% used [0x00000000d5580000,0x00000000d5580000,0x00000000d8500000)
  from space 7680K, 85% used [0x00000000d8500000,0x00000000d8b6ccc8,0x00000000d8c80000)
  to   space 7168K, 0% used [0x00000000d8c80000,0x00000000d8c80000,0x00000000d9380000)
 ParOldGen       total 65536K, used 6392K [0x0000000080000000, 0x0000000084000000, 0x00000000d5580000)
  object space 65536K, 9% used [0x0000000080000000,0x000000008063e248,0x0000000084000000)
 Metaspace       used 18587K, capacity 19326K, committed 19584K, reserved 1067008K
  class space    used 2696K, capacity 2891K, committed 2944K, reserved 1048576K
}
Event: 6.715 GC heap before
{Heap before GC invocations=8 (full 0):
 PSYoungGen      total 56320K, used 30339K [0x00000000d5580000, 0x00000000d9480000, 0x0000000100000000)
  eden space 48640K, 48% used [0x00000000d5580000,0x00000000d6cb3fe8,0x00000000d8500000)
  from space 7680K, 85% used [0x00000000d8500000,0x00000000d8b6ccc8,0x00000000d8c80000)
  to   space 7168K, 0% used [0x00000000d8c80000,0x00000000d8c80000,0x00000000d9380000)
 ParOldGen       total 65536K, used 6392K [0x0000000080000000, 0x0000000084000000, 0x00000000d5580000)
  object space 65536K, 9% used [0x0000000080000000,0x000000008063e248,0x0000000084000000)
 Metaspace       used 20319K, capacity 21090K, committed 21248K, reserved 1067008K
  class space    used 3000K, capacity 3233K, committed 3328K, reserved 1048576K
Event: 6.723 GC heap after
Heap after GC invocations=8 (full 0):
 PSYoungGen      total 55808K, used 4791K [0x00000000d5580000, 0x00000000d9480000, 0x0000000100000000)
  eden space 48640K, 0% used [0x00000000d5580000,0x00000000d5580000,0x00000000d8500000)
  from space 7168K, 66% used [0x00000000d8c80000,0x00000000d912dd00,0x00000000d9380000)
  to   space 7680K, 0% used [0x00000000d8500000,0x00000000d8500000,0x00000000d8c80000)
 ParOldGen       total 65536K, used 7608K [0x0000000080000000, 0x0000000084000000, 0x00000000d5580000)
  object space 65536K, 11% used [0x0000000080000000,0x000000008076e268,0x0000000084000000)
 Metaspace       used 20319K, capacity 21090K, committed 21248K, reserved 1067008K
  class space    used 3000K, capacity 3233K, committed 3328K, reserved 1048576K
}
Event: 6.723 GC heap before
{Heap before GC invocations=9 (full 1):
 PSYoungGen      total 55808K, used 4791K [0x00000000d5580000, 0x00000000d9480000, 0x0000000100000000)
  eden space 48640K, 0% used [0x00000000d5580000,0x00000000d5580000,0x00000000d8500000)
  from space 7168K, 66% used [0x00000000d8c80000,0x00000000d912dd00,0x00000000d9380000)
  to   space 7680K, 0% used [0x00000000d8500000,0x00000000d8500000,0x00000000d8c80000)
 ParOldGen       total 65536K, used 7608K [0x0000000080000000, 0x0000000084000000, 0x00000000d5580000)
  object space 65536K, 11% used [0x0000000080000000,0x000000008076e268,0x0000000084000000)
 Metaspace       used 20319K, capacity 21090K, committed 21248K, reserved 1067008K
  class space    used 3000K, capacity 3233K, committed 3328K, reserved 1048576K
Event: 6.789 GC heap after
Heap after GC invocations=9 (full 1):
 PSYoungGen      total 55808K, used 0K [0x00000000d5580000, 0x00000000d9480000, 0x0000000100000000)
  eden space 48640K, 0% used [0x00000000d5580000,0x00000000d5580000,0x00000000d8500000)
  from space 7168K, 0% used [0x00000000d8c80000,0x00000000d8c80000,0x00000000d9380000)
  to   space 7680K, 0% used [0x00000000d8500000,0x00000000d8500000,0x00000000d8c80000)
 ParOldGen       total 47104K, used 8768K [0x0000000080000000, 0x0000000082e00000, 0x00000000d5580000)
  object space 47104K, 18% used [0x0000000080000000,0x0000000080890048,0x0000000082e00000)
 Metaspace       used 20319K, capacity 21090K, committed 21248K, reserved 1067008K
  class space    used 3000K, capacity 3233K, committed 3328K, reserved 1048576K
}
Event: 7.758 GC heap before
{Heap before GC invocations=10 (full 1):
 PSYoungGen      total 55808K, used 48640K [0x00000000d5580000, 0x00000000d9480000, 0x0000000100000000)
  eden space 48640K, 100% used [0x00000000d5580000,0x00000000d8500000,0x00000000d8500000)
  from space 7168K, 0% used [0x00000000d8c80000,0x00000000d8c80000,0x00000000d9380000)
  to   space 7680K, 0% used [0x00000000d8500000,0x00000000d8500000,0x00000000d8c80000)
 ParOldGen       total 47104K, used 8768K [0x0000000080000000, 0x0000000082e00000, 0x00000000d5580000)
  object space 47104K, 18% used [0x0000000080000000,0x0000000080890048,0x0000000082e00000)
 Metaspace       used 23124K, capacity 24266K, committed 24576K, reserved 1071104K
  class space    used 3475K, capacity 3727K, committed 3840K, reserved 1048576K
Event: 7.764 GC heap after
Heap after GC invocations=10 (full 1):
 PSYoungGen      total 56320K, used 4251K [0x00000000d5580000, 0x00000000da380000, 0x0000000100000000)
  eden space 48640K, 0% used [0x00000000d5580000,0x00000000d5580000,0x00000000d8500000)
  from space 7680K, 55% used [0x00000000d8500000,0x00000000d8926d28,0x00000000d8c80000)
  to   space 7680K, 0% used [0x00000000d9c00000,0x00000000d9c00000,0x00000000da380000)
 ParOldGen       total 47104K, used 8776K [0x0000000080000000, 0x0000000082e00000, 0x00000000d5580000)
  object space 47104K, 18% used [0x0000000080000000,0x0000000080892048,0x0000000082e00000)
 Metaspace       used 23124K, capacity 24266K, committed 24576K, reserved 1071104K
  class space    used 3475K, capacity 3727K, committed 3840K, reserved 1048576K
}
Event: 9.450 GC heap before
{Heap before GC invocations=11 (full 1):
 PSYoungGen      total 56320K, used 52891K [0x00000000d5580000, 0x00000000da380000, 0x0000000100000000)
  eden space 48640K, 100% used [0x00000000d5580000,0x00000000d8500000,0x00000000d8500000)
  from space 7680K, 55% used [0x00000000d8500000,0x00000000d8926d28,0x00000000d8c80000)
  to   space 7680K, 0% used [0x00000000d9c00000,0x00000000d9c00000,0x00000000da380000)
 ParOldGen       total 47104K, used 8776K [0x0000000080000000, 0x0000000082e00000, 0x00000000d5580000)
  object space 47104K, 18% used [0x0000000080000000,0x0000000080892048,0x0000000082e00000)
 Metaspace       used 29907K, capacity 31150K, committed 31360K, reserved 1075200K
  class space    used 4363K, capacity 4650K, committed 4736K, reserved 1048576K
Event: 9.465 GC heap after
Heap after GC invocations=11 (full 1):
 PSYoungGen      total 70656K, used 7676K [0x00000000d5580000, 0x00000000da600000, 0x0000000100000000)
  eden space 62976K, 0% used [0x00000000d5580000,0x00000000d5580000,0x00000000d9300000)
  from space 7680K, 99% used [0x00000000d9c00000,0x00000000da37f3e0,0x00000000da380000)
  to   space 9216K, 0% used [0x00000000d9300000,0x00000000d9300000,0x00000000d9c00000)
 ParOldGen       total 47104K, used 9924K [0x0000000080000000, 0x0000000082e00000, 0x00000000d5580000)
  object space 47104K, 21% used [0x0000000080000000,0x00000000809b1060,0x0000000082e00000)
 Metaspace       used 29907K, capacity 31150K, committed 31360K, reserved 1075200K
  class space    used 4363K, capacity 4650K, committed 4736K, reserved 1048576K
}

