# JRE version: Java(TM) SE Runtime Environment (8.0_281-b09) (build 1.8.0_281-b09)
# Java VM: Java HotSpot(TM) 64-Bit Server VM (25.281-b09 mixed mode windows-amd64 compressed oops)
Heap:
 PSYoungGen      total 349696K, used 320512K [0x00000000d5580000, 0x00000000ef200000, 0x0000000100000000)
  eden space 320512K, 100% used [0x00000000d5580000,0x00000000e8e80000,0x00000000e8e80000)
  from space 29184K, 0% used [0x00000000eba00000,0x00000000eba00000,0x00000000ed680000)
  to   space 44544K, 10% used [0x00000000e8e80000,0x00000000e92e14d8,0x00000000eba00000)
 ParOldGen       total 248320K, used 86683K [0x0000000080000000, 0x000000008f280000, 0x00000000d5580000)
  object space 248320K, 34% used [0x0000000080000000,0x00000000854a6c00,0x000000008f280000)
 Metaspace       used 104060K, capacity 109312K, committed 109440K, reserved 1144832K
  class space    used 13857K, capacity 14867K, committed 14976K, reserved 1048576K
GC Heap History (10 events):
Event: 60.015 GC heap before
{Heap before GC invocations=24 (full 4):
 PSYoungGen      total 349696K, used 29169K [0x00000000d5580000, 0x00000000ef200000, 0x0000000100000000)
  eden space 320512K, 0% used [0x00000000d5580000,0x00000000d5580000,0x00000000e8e80000)
  from space 29184K, 99% used [0x00000000eba00000,0x00000000ed67c640,0x00000000ed680000)
  to   space 44544K, 0% used [0x00000000e8e80000,0x00000000e8e80000,0x00000000eba00000)
 ParOldGen       total 126464K, used 126199K [0x0000000080000000, 0x0000000087b80000, 0x00000000d5580000)
  object space 126464K, 99% used [0x0000000080000000,0x0000000087b3dc20,0x0000000087b80000)
 Metaspace       used 87834K, capacity 92388K, committed 92672K, reserved 1128448K
  class space    used 11826K, capacity 12718K, committed 12800K, reserved 1048576K
Event: 61.576 GC heap after
Heap after GC invocations=24 (full 4):
 PSYoungGen      total 349696K, used 0K [0x00000000d5580000, 0x00000000ef200000, 0x0000000100000000)
  eden space 320512K, 0% used [0x00000000d5580000,0x00000000d5580000,0x00000000e8e80000)
  from space 29184K, 0% used [0x00000000eba00000,0x00000000eba00000,0x00000000ed680000)
  to   space 44544K, 0% used [0x00000000e8e80000,0x00000000e8e80000,0x00000000eba00000)
 ParOldGen       total 240128K, used 116679K [0x0000000080000000, 0x000000008ea80000, 0x00000000d5580000)
  object space 240128K, 48% used [0x0000000080000000,0x00000000871f1ff0,0x000000008ea80000)
 Metaspace       used 87513K, capacity 91442K, committed 92672K, reserved 1128448K
  class space    used 11722K, capacity 12541K, committed 12800K, reserved 1048576K
}
Event: 65.013 GC heap before
{Heap before GC invocations=25 (full 4):
 PSYoungGen      total 349696K, used 320512K [0x00000000d5580000, 0x00000000ef200000, 0x0000000100000000)
  eden space 320512K, 100% used [0x00000000d5580000,0x00000000e8e80000,0x00000000e8e80000)
  from space 29184K, 0% used [0x00000000eba00000,0x00000000eba00000,0x00000000ed680000)
  to   space 44544K, 0% used [0x00000000e8e80000,0x00000000e8e80000,0x00000000eba00000)
 ParOldGen       total 240128K, used 116679K [0x0000000080000000, 0x000000008ea80000, 0x00000000d5580000)
  object space 240128K, 48% used [0x0000000080000000,0x00000000871f1ff0,0x000000008ea80000)
 Metaspace       used 92003K, capacity 96458K, committed 96896K, reserved 1132544K
  class space    used 12465K, capacity 13343K, committed 13440K, reserved 1048576K
Event: 65.821 GC heap after
Heap after GC invocations=25 (full 4):
 PSYoungGen      total 365056K, used 44527K [0x00000000d5580000, 0x00000000ef200000, 0x0000000100000000)
  eden space 320512K, 0% used [0x00000000d5580000,0x00000000d5580000,0x00000000e8e80000)
  from space 44544K, 99% used [0x00000000e8e80000,0x00000000eb9fbf58,0x00000000eba00000)
  to   space 29184K, 0% used [0x00000000eba00000,0x00000000eba00000,0x00000000ed680000)
 ParOldGen       total 240128K, used 189392K [0x0000000080000000, 0x000000008ea80000, 0x00000000d5580000)
  object space 240128K, 78% used [0x0000000080000000,0x000000008b8f4130,0x000000008ea80000)
 Metaspace       used 92003K, capacity 96458K, committed 96896K, reserved 1132544K
  class space    used 12465K, capacity 13343K, committed 13440K, reserved 1048576K
}
Event: 72.480 GC heap before
{Heap before GC invocations=26 (full 4):
 PSYoungGen      total 365056K, used 365039K [0x00000000d5580000, 0x00000000ef200000, 0x0000000100000000)
  eden space 320512K, 100% used [0x00000000d5580000,0x00000000e8e80000,0x00000000e8e80000)
  from space 44544K, 99% used [0x00000000e8e80000,0x00000000eb9fbf58,0x00000000eba00000)
  to   space 29184K, 0% used [0x00000000eba00000,0x00000000eba00000,0x00000000ed680000)
 ParOldGen       total 240128K, used 189392K [0x0000000080000000, 0x000000008ea80000, 0x00000000d5580000)
  object space 240128K, 78% used [0x0000000080000000,0x000000008b8f4130,0x000000008ea80000)
 Metaspace       used 94068K, capacity 98798K, committed 98944K, reserved 1134592K
  class space    used 12681K, capacity 13585K, committed 13696K, reserved 1048576K
Event: 72.889 GC heap after
Heap after GC invocations=26 (full 4):
 PSYoungGen      total 349696K, used 29183K [0x00000000d5580000, 0x00000000ef200000, 0x0000000100000000)
  eden space 320512K, 0% used [0x00000000d5580000,0x00000000d5580000,0x00000000e8e80000)
  from space 29184K, 99% used [0x00000000eba00000,0x00000000ed67fc50,0x00000000ed680000)
  to   space 44544K, 0% used [0x00000000e8e80000,0x00000000e8e80000,0x00000000eba00000)
 ParOldGen       total 248320K, used 248029K [0x0000000080000000, 0x000000008f280000, 0x00000000d5580000)
  object space 248320K, 99% used [0x0000000080000000,0x000000008f237720,0x000000008f280000)
 Metaspace       used 94068K, capacity 98798K, committed 98944K, reserved 1134592K
  class space    used 12681K, capacity 13585K, committed 13696K, reserved 1048576K
}
Event: 72.889 GC heap before
{Heap before GC invocations=27 (full 5):
 PSYoungGen      total 349696K, used 29183K [0x00000000d5580000, 0x00000000ef200000, 0x0000000100000000)
  eden space 320512K, 0% used [0x00000000d5580000,0x00000000d5580000,0x00000000e8e80000)
  from space 29184K, 99% used [0x00000000eba00000,0x00000000ed67fc50,0x00000000ed680000)
  to   space 44544K, 0% used [0x00000000e8e80000,0x00000000e8e80000,0x00000000eba00000)
 ParOldGen       total 248320K, used 248029K [0x0000000080000000, 0x000000008f280000, 0x00000000d5580000)
  object space 248320K, 99% used [0x0000000080000000,0x000000008f237720,0x000000008f280000)
 Metaspace       used 94068K, capacity 98798K, committed 98944K, reserved 1134592K
  class space    used 12681K, capacity 13585K, committed 13696K, reserved 1048576K
Event: 74.765 GC heap after
Heap after GC invocations=27 (full 5):
 PSYoungGen      total 349696K, used 0K [0x00000000d5580000, 0x00000000ef200000, 0x0000000100000000)
  eden space 320512K, 0% used [0x00000000d5580000,0x00000000d5580000,0x00000000e8e80000)
  from space 29184K, 0% used [0x00000000eba00000,0x00000000eba00000,0x00000000ed680000)
  to   space 44544K, 0% used [0x00000000e8e80000,0x00000000e8e80000,0x00000000eba00000)
 ParOldGen       total 248320K, used 232477K [0x0000000080000000, 0x000000008f280000, 0x00000000d5580000)
  object space 248320K, 93% used [0x0000000080000000,0x000000008e3077a0,0x000000008f280000)
 Metaspace       used 93918K, capacity 98400K, committed 98944K, reserved 1134592K
  class space    used 12627K, capacity 13492K, committed 13696K, reserved 1048576K
}
Event: 78.746 GC heap before
{Heap before GC invocations=28 (full 6):
 PSYoungGen      total 349696K, used 320512K [0x00000000d5580000, 0x00000000ef200000, 0x0000000100000000)
  eden space 320512K, 100% used [0x00000000d5580000,0x00000000e8e80000,0x00000000e8e80000)
  from space 29184K, 0% used [0x00000000eba00000,0x00000000eba00000,0x00000000ed680000)
  to   space 44544K, 0% used [0x00000000e8e80000,0x00000000e8e80000,0x00000000eba00000)
 ParOldGen       total 248320K, used 232477K [0x0000000080000000, 0x000000008f280000, 0x00000000d5580000)
  object space 248320K, 93% used [0x0000000080000000,0x000000008e3077a0,0x000000008f280000)
 Metaspace       used 94316K, capacity 98962K, committed 99200K, reserved 1134592K
  class space    used 12665K, capacity 13575K, committed 13696K, reserved 1048576K
Event: 79.003 GC heap after
Heap after GC invocations=28 (full 6):
 PSYoungGen      total 349696K, used 0K [0x00000000d5580000, 0x00000000ef200000, 0x0000000100000000)
  eden space 320512K, 0% used [0x00000000d5580000,0x00000000d5580000,0x00000000e8e80000)
  from space 29184K, 0% used [0x00000000eba00000,0x00000000eba00000,0x00000000ed680000)
  to   space 44544K, 0% used [0x00000000e8e80000,0x00000000e8e80000,0x00000000eba00000)
 ParOldGen       total 248320K, used 86683K [0x0000000080000000, 0x000000008f280000, 0x00000000d5580000)
  object space 248320K, 34% used [0x0000000080000000,0x00000000854a6c00,0x000000008f280000)
 Metaspace       used 94316K, capacity 98962K, committed 99200K, reserved 1134592K
  class space    used 12665K, capacity 13575K, committed 13696K, reserved 1048576K
}

