# JRE version: Java(TM) SE Runtime Environment (8.0_281-b09) (build 1.8.0_281-b09)
# Java VM: Java HotSpot(TM) 64-Bit Server VM (25.281-b09 mixed mode windows-amd64 compressed oops)
Heap:
 PSYoungGen      total 282624K, used 173062K [0x00000000d5580000, 0x00000000ee980000, 0x0000000100000000)
  eden space 255488K, 66% used [0x00000000d5580000,0x00000000dfa85548,0x00000000e4f00000)
  from space 27136K, 15% used [0x00000000e4f00000,0x00000000e52fc688,0x00000000e6980000)
  to   space 47104K, 0% used [0x00000000ebb80000,0x00000000ebb80000,0x00000000ee980000)
 ParOldGen       total 220160K, used 111047K [0x0000000080000000, 0x000000008d700000, 0x00000000d5580000)
  object space 220160K, 50% used [0x0000000080000000,0x0000000086c71c88,0x000000008d700000)
 Metaspace       used 78696K, capacity 82596K, committed 83072K, reserved 1120256K
  class space    used 11054K, capacity 11817K, committed 11904K, reserved 1048576K
GC Heap History (10 events):
Event: 12.028 GC heap before
{Heap before GC invocations=17 (full 3):
 PSYoungGen      total 185856K, used 168960K [0x00000000d5580000, 0x00000000e4d80000, 0x0000000100000000)
  eden space 168960K, 100% used [0x00000000d5580000,0x00000000dfa80000,0x00000000dfa80000)
  from space 16896K, 0% used [0x00000000dfa80000,0x00000000dfa80000,0x00000000e0b00000)
  to   space 18432K, 0% used [0x00000000e3b80000,0x00000000e3b80000,0x00000000e4d80000)
 ParOldGen       total 112640K, used 39485K [0x0000000080000000, 0x0000000086e00000, 0x00000000d5580000)
  object space 112640K, 35% used [0x0000000080000000,0x000000008268f688,0x0000000086e00000)
 Metaspace       used 61245K, capacity 64156K, committed 64384K, reserved 1103872K
  class space    used 8627K, capacity 9273K, committed 9344K, reserved 1048576K
Event: 12.042 GC heap after
Heap after GC invocations=17 (full 3):
 PSYoungGen      total 217600K, used 12966K [0x00000000d5580000, 0x00000000e4880000, 0x0000000100000000)
  eden space 204288K, 0% used [0x00000000d5580000,0x00000000d5580000,0x00000000e1d00000)
  from space 13312K, 97% used [0x00000000e3b80000,0x00000000e48298d8,0x00000000e4880000)
  to   space 19456K, 0% used [0x00000000e2280000,0x00000000e2280000,0x00000000e3580000)
 ParOldGen       total 112640K, used 39493K [0x0000000080000000, 0x0000000086e00000, 0x00000000d5580000)
  object space 112640K, 35% used [0x0000000080000000,0x0000000082691688,0x0000000086e00000)
 Metaspace       used 61245K, capacity 64156K, committed 64384K, reserved 1103872K
  class space    used 8627K, capacity 9273K, committed 9344K, reserved 1048576K
}
Event: 14.728 GC heap before
{Heap before GC invocations=18 (full 3):
 PSYoungGen      total 217600K, used 217254K [0x00000000d5580000, 0x00000000e4880000, 0x0000000100000000)
  eden space 204288K, 100% used [0x00000000d5580000,0x00000000e1d00000,0x00000000e1d00000)
  from space 13312K, 97% used [0x00000000e3b80000,0x00000000e48298d8,0x00000000e4880000)
  to   space 19456K, 0% used [0x00000000e2280000,0x00000000e2280000,0x00000000e3580000)
 ParOldGen       total 112640K, used 39493K [0x0000000080000000, 0x0000000086e00000, 0x00000000d5580000)
  object space 112640K, 35% used [0x0000000080000000,0x0000000082691688,0x0000000086e00000)
 Metaspace       used 69745K, capacity 73794K, committed 74112K, reserved 1112064K
  class space    used 9788K, capacity 10554K, committed 10624K, reserved 1048576K
Event: 14.836 GC heap after
Heap after GC invocations=18 (full 3):
 PSYoungGen      total 229376K, used 19449K [0x00000000d5580000, 0x00000000e8180000, 0x0000000100000000)
  eden space 209920K, 0% used [0x00000000d5580000,0x00000000d5580000,0x00000000e2280000)
  from space 19456K, 99% used [0x00000000e2280000,0x00000000e357e4f0,0x00000000e3580000)
  to   space 24576K, 0% used [0x00000000e6980000,0x00000000e6980000,0x00000000e8180000)
 ParOldGen       total 112640K, used 46409K [0x0000000080000000, 0x0000000086e00000, 0x00000000d5580000)
  object space 112640K, 41% used [0x0000000080000000,0x0000000082d52578,0x0000000086e00000)
 Metaspace       used 69745K, capacity 73794K, committed 74112K, reserved 1112064K
  class space    used 9788K, capacity 10554K, committed 10624K, reserved 1048576K
}
Event: 16.852 GC heap before
{Heap before GC invocations=19 (full 3):
 PSYoungGen      total 229376K, used 229369K [0x00000000d5580000, 0x00000000e8180000, 0x0000000100000000)
  eden space 209920K, 100% used [0x00000000d5580000,0x00000000e2280000,0x00000000e2280000)
  from space 19456K, 99% used [0x00000000e2280000,0x00000000e357e4f0,0x00000000e3580000)
  to   space 24576K, 0% used [0x00000000e6980000,0x00000000e6980000,0x00000000e8180000)
 ParOldGen       total 112640K, used 46422K [0x0000000080000000, 0x0000000086e00000, 0x00000000d5580000)
  object space 112640K, 41% used [0x0000000080000000,0x0000000082d55af0,0x0000000086e00000)
 Metaspace       used 71877K, capacity 76048K, committed 76160K, reserved 1114112K
  class space    used 10061K, capacity 10875K, committed 10880K, reserved 1048576K
Event: 17.055 GC heap after
Heap after GC invocations=19 (full 3):
 PSYoungGen      total 280064K, used 21352K [0x00000000d5580000, 0x00000000ea080000, 0x0000000100000000)
  eden space 255488K, 0% used [0x00000000d5580000,0x00000000d5580000,0x00000000e4f00000)
  from space 24576K, 86% used [0x00000000e6980000,0x00000000e7e5a278,0x00000000e8180000)
  to   space 27136K, 0% used [0x00000000e4f00000,0x00000000e4f00000,0x00000000e6980000)
 ParOldGen       total 112640K, used 56406K [0x0000000080000000, 0x0000000086e00000, 0x00000000d5580000)
  object space 112640K, 50% used [0x0000000080000000,0x0000000083715ba0,0x0000000086e00000)
 Metaspace       used 71877K, capacity 76048K, committed 76160K, reserved 1114112K
  class space    used 10061K, capacity 10875K, committed 10880K, reserved 1048576K
}
Event: 19.198 GC heap before
{Heap before GC invocations=20 (full 3):
 PSYoungGen      total 280064K, used 276840K [0x00000000d5580000, 0x00000000ea080000, 0x0000000100000000)
  eden space 255488K, 100% used [0x00000000d5580000,0x00000000e4f00000,0x00000000e4f00000)
  from space 24576K, 86% used [0x00000000e6980000,0x00000000e7e5a278,0x00000000e8180000)
  to   space 27136K, 0% used [0x00000000e4f00000,0x00000000e4f00000,0x00000000e6980000)
 ParOldGen       total 112640K, used 56408K [0x0000000080000000, 0x0000000086e00000, 0x00000000d5580000)
  object space 112640K, 50% used [0x0000000080000000,0x00000000837163d8,0x0000000086e00000)
 Metaspace       used 77063K, capacity 81326K, committed 81536K, reserved 1120256K
  class space    used 10765K, capacity 11566K, committed 11648K, reserved 1048576K
Event: 19.326 GC heap after
Heap after GC invocations=20 (full 3):
 PSYoungGen      total 282624K, used 27124K [0x00000000d5580000, 0x00000000ee980000, 0x0000000100000000)
  eden space 255488K, 0% used [0x00000000d5580000,0x00000000d5580000,0x00000000e4f00000)
  from space 27136K, 99% used [0x00000000e4f00000,0x00000000e697d130,0x00000000e6980000)
  to   space 47104K, 0% used [0x00000000ebb80000,0x00000000ebb80000,0x00000000ee980000)
 ParOldGen       total 112640K, used 99388K [0x0000000080000000, 0x0000000086e00000, 0x00000000d5580000)
  object space 112640K, 88% used [0x0000000080000000,0x000000008610f240,0x0000000086e00000)
 Metaspace       used 77063K, capacity 81326K, committed 81536K, reserved 1120256K
  class space    used 10765K, capacity 11566K, committed 11648K, reserved 1048576K
}
Event: 19.326 GC heap before
{Heap before GC invocations=21 (full 4):
 PSYoungGen      total 282624K, used 27124K [0x00000000d5580000, 0x00000000ee980000, 0x0000000100000000)
  eden space 255488K, 0% used [0x00000000d5580000,0x00000000d5580000,0x00000000e4f00000)
  from space 27136K, 99% used [0x00000000e4f00000,0x00000000e697d130,0x00000000e6980000)
  to   space 47104K, 0% used [0x00000000ebb80000,0x00000000ebb80000,0x00000000ee980000)
 ParOldGen       total 112640K, used 99388K [0x0000000080000000, 0x0000000086e00000, 0x00000000d5580000)
  object space 112640K, 88% used [0x0000000080000000,0x000000008610f240,0x0000000086e00000)
 Metaspace       used 77063K, capacity 81326K, committed 81536K, reserved 1120256K
  class space    used 10765K, capacity 11566K, committed 11648K, reserved 1048576K
Event: 20.069 GC heap after
Heap after GC invocations=21 (full 4):
 PSYoungGen      total 282624K, used 4081K [0x00000000d5580000, 0x00000000ee980000, 0x0000000100000000)
  eden space 255488K, 0% used [0x00000000d5580000,0x00000000d5580000,0x00000000e4f00000)
  from space 27136K, 15% used [0x00000000e4f00000,0x00000000e52fc688,0x00000000e6980000)
  to   space 47104K, 0% used [0x00000000ebb80000,0x00000000ebb80000,0x00000000ee980000)
 ParOldGen       total 220160K, used 111047K [0x0000000080000000, 0x000000008d700000, 0x00000000d5580000)
  object space 220160K, 50% used [0x0000000080000000,0x0000000086c71c88,0x000000008d700000)
 Metaspace       used 76749K, capacity 80402K, committed 81536K, reserved 1120256K
  class space    used 10665K, capacity 11396K, committed 11648K, reserved 1048576K
}

